c:\users\kacpr\documents\sparky\sparky_engine\x64\bin\debug\intermediates\vc143.pdb
c:\users\kacpr\documents\sparky\sparky_engine\x64\bin\debug\intermediates\vc143.idb
c:\users\kacpr\documents\sparky\sparky_engine\x64\bin\debug\intermediates\vec4.obj
c:\users\kacpr\documents\sparky\sparky_engine\x64\bin\debug\intermediates\vec3.obj
c:\users\kacpr\documents\sparky\sparky_engine\x64\bin\debug\intermediates\vec2.obj
c:\users\kacpr\documents\sparky\sparky_engine\x64\bin\debug\intermediates\mat4.obj
c:\users\kacpr\documents\sparky\sparky_engine\x64\bin\debug\intermediates\window.obj
c:\users\kacpr\documents\sparky\sparky_engine\x64\bin\debug\intermediates\shader.obj
c:\users\kacpr\documents\sparky\sparky_engine\x64\bin\debug\intermediates\main.obj
c:\users\kacpr\documents\sparky\x64\bin\debug\sparky_engine.exe
c:\users\kacpr\documents\sparky\x64\bin\debug\sparky_engine.pdb
c:\users\kacpr\documents\sparky\sparky_engine\x64\bin\debug\intermediates\sparky_engine.ilk
c:\users\kacpr\documents\sparky\sparky_engine\x64\bin\debug\intermediates\sparky_engine.tlog\cl.command.1.tlog
c:\users\kacpr\documents\sparky\sparky_engine\x64\bin\debug\intermediates\sparky_engine.tlog\cl.items.tlog
c:\users\kacpr\documents\sparky\sparky_engine\x64\bin\debug\intermediates\sparky_engine.tlog\cl.read.1.tlog
c:\users\kacpr\documents\sparky\sparky_engine\x64\bin\debug\intermediates\sparky_engine.tlog\cl.write.1.tlog
c:\users\kacpr\documents\sparky\sparky_engine\x64\bin\debug\intermediates\sparky_engine.tlog\link.command.1.tlog
c:\users\kacpr\documents\sparky\sparky_engine\x64\bin\debug\intermediates\sparky_engine.tlog\link.read.1.tlog
c:\users\kacpr\documents\sparky\sparky_engine\x64\bin\debug\intermediates\sparky_engine.tlog\link.secondary.1.tlog
c:\users\kacpr\documents\sparky\sparky_engine\x64\bin\debug\intermediates\sparky_engine.tlog\link.write.1.tlog
