  main.cpp
C:\Users\kacpr\Documents\Sparky\Sparky_engine\src\maths\maths.h(10,17): warning C4244: 'return': conversion from 'double' to 'float', possible loss of data
  (compiling source file 'main.cpp')
  
C:\Program Files (x86)\Windows Kits\10\Include\10.0.22621.0\shared\minwindef.h(130,9): warning C4005: 'APIENTRY': macro redefinition
  (compiling source file 'main.cpp')
      C:\Users\kacpr\Documents\Sparky\dependencies\GLFW\include\GLFW\glfw3.h(123,11):
      see previous definition of 'APIENTRY'
  
C:\Users\kacpr\Documents\Sparky\Sparky_engine\src\utils\timer.h(17,27): warning C4244: '=': conversion from 'LONGLONG' to 'double', possible loss of data
  (compiling source file 'main.cpp')
  
C:\Users\kacpr\Documents\Sparky\Sparky_engine\main.cpp(44,12): warning C4244: 'argument': conversion from 'time_t' to 'unsigned int', possible loss of data
C:\Users\kacpr\Documents\Sparky\Sparky_engine\main.cpp(46,34): warning C4305: '+=': truncation from 'double' to 'float'
C:\Users\kacpr\Documents\Sparky\Sparky_engine\main.cpp(48,37): warning C4305: '+=': truncation from 'double' to 'float'
C:\Users\kacpr\Documents\Sparky\Sparky_engine\main.cpp(65,50): warning C4305: 'argument': truncation from 'double' to 'const float'
C:\Users\kacpr\Documents\Sparky\Sparky_engine\main.cpp(65,40): warning C4305: 'argument': truncation from 'double' to 'const float'
C:\Users\kacpr\Documents\Sparky\Sparky_engine\main.cpp(66,46): warning C4305: 'argument': truncation from 'double' to 'const float'
  batchrenderer2d.cpp
C:\Users\kacpr\Documents\Sparky\Sparky_engine\src\maths\maths.h(10,17): warning C4244: 'return': conversion from 'double' to 'float', possible loss of data
  (compiling source file 'src/graphics/batchrenderer2d.cpp')
  
  buffer.cpp
  indexbuffer.cpp
  vertexarray.cpp
  simple2drenderer.cpp
C:\Users\kacpr\Documents\Sparky\Sparky_engine\src\maths\maths.h(10,17): warning C4244: 'return': conversion from 'double' to 'float', possible loss of data
  (compiling source file 'src/graphics/simple2drenderer.cpp')
  
  shader.cpp
C:\Users\kacpr\Documents\Sparky\Sparky_engine\src\maths\maths.h(10,17): warning C4244: 'return': conversion from 'double' to 'float', possible loss of data
  (compiling source file 'src/graphics/shader.cpp')
  
  sprite.cpp
C:\Users\kacpr\Documents\Sparky\Sparky_engine\src\maths\maths.h(10,17): warning C4244: 'return': conversion from 'double' to 'float', possible loss of data
  (compiling source file 'src/graphics/sprite.cpp')
  
  static_sprite.cpp
C:\Users\kacpr\Documents\Sparky\Sparky_engine\src\maths\maths.h(10,17): warning C4244: 'return': conversion from 'double' to 'float', possible loss of data
  (compiling source file 'src/graphics/static_sprite.cpp')
  
  window.cpp
  mat4.cpp
C:\Users\kacpr\Documents\Sparky\Sparky_engine\src\maths\maths.h(10,17): warning C4244: 'return': conversion from 'double' to 'float', possible loss of data
  (compiling source file 'src/maths/mat4.cpp')
  
  vec2.cpp
  vec3.cpp
  vec4.cpp
LINK : warning LNK4098: defaultlib 'LIBCMT' conflicts with use of other libs; use /NODEFAULTLIB:library
main.obj : error LNK2001: unresolved external symbol __imp__CrtDbgReport
main.obj : error LNK2001: unresolved external symbol __imp__invalid_parameter
C:\Users\kacpr\Documents\Sparky\x64\bin\Release\Sparky_engine.exe : fatal error LNK1120: 2 unresolved externals
